<?xml version="1.0" encoding="UTF-8" ?>
<testsuite tests="1" failures="1" name="testclass.RunTest" time="0.246" errors="0" skipped="0">
  <properties>
[...]
</properties>
  <testcase classname="testclass.RunTest" name="testsample" time="0.246">
    <failure type="java.lang.ExceptionInInitializerError">java.lang.ExceptionInInitializerError
	at pageclass.BaseClass.getWebUrl(BaseClass.java:20)
	at testclass.RunTest.testsample(RunTest.java:18)
Caused by: java.lang.UnsupportedOperationException: Can&apos;t convert &apos;C:\Users\bi050\eclipse-workspace_new1\METests\src\main\java\pageclass\prod.properties&apos; to a valid URI
	at org.aeonbits.owner.Util.unsupported(Util.java:124)
	at org.aeonbits.owner.PropertiesManager.toURIs(PropertiesManager.java:134)
	at org.aeonbits.owner.PropertiesManager.&lt;init&gt;(PropertiesManager.java:105)
	at org.aeonbits.owner.DefaultFactory.create(DefaultFactory.java:43)
	at org.aeonbits.owner.ConfigFactory.create(ConfigFactory.java:66)
	at pageclass.WebConfig.&lt;clinit&gt;(WebConfig.java:15)
	... 35 more
Caused by: java.net.URISyntaxException: Illegal character in opaque part at index 2: C:\Users\bi050\eclipse-workspace_new1\METests\src\main\java\pageclass\prod.properties
	at java.net.URI$Parser.fail(URI.java:2848)
	at java.net.URI$Parser.checkChars(URI.java:3021)
	at java.net.URI$Parser.parse(URI.java:3058)
	at java.net.URI.&lt;init&gt;(URI.java:588)
	at org.aeonbits.owner.ConfigURIFactory.newURI(ConfigURIFactory.java:39)
	at org.aeonbits.owner.PropertiesManager.toURIs(PropertiesManager.java:130)
	... 39 more
</failure>
    <system-out>Configuring TestNG with: org.apache.maven.surefire.testng.conf.TestNG652Configurator@71dac704
</system-out>
  </testcase>
</testsuite>