<?xml version="1.0" encoding="UTF-8"?>
<!-- Generated by org.testng.reporters.JUnitXMLReporter -->
<testsuite hostname="BIPLP26" name="Command line test" tests="1" failures="1" timestamp="19 Jul 2021 09:05:53 GMT" time="0.257" errors="0">
  <testcase name="testsample" time="0.238" classname="testclass.RunTest">
    <failure type="java.lang.ExceptionInInitializerError">
      <![CDATA[java.lang.ExceptionInInitializerError
	at pageclass.BaseClass.getWebUrl(BaseClass.java:20)
	at testclass.RunTest.testsample(RunTest.java:18)
	at org.apache.maven.surefire.testng.TestNGExecutor.run(TestNGExecutor.java:77)
	at org.apache.maven.surefire.testng.TestNGDirectoryTestSuite.execute(TestNGDirectoryTestSuite.java:110)
	at org.apache.maven.surefire.testng.TestNGProvider.invoke(TestNGProvider.java:106)
	at org.apache.maven.surefire.util.ReflectionUtils.invokeMethodWithArray(ReflectionUtils.java:189)
	at org.apache.maven.surefire.booter.ProviderFactory$ProviderProxy.invoke(ProviderFactory.java:165)
	at org.apache.maven.surefire.booter.ProviderFactory.invokeProvider(ProviderFactory.java:85)
	at org.apache.maven.surefire.booter.ForkedBooter.runSuitesInProcess(ForkedBooter.java:115)
	at org.apache.maven.surefire.booter.ForkedBooter.main(ForkedBooter.java:75)
Caused by: java.lang.UnsupportedOperationException: Can't convert 'C:\Users\bi050\eclipse-workspace_new1\METests\src\main\java\pageclass\prod.properties' to a valid URI
	at org.aeonbits.owner.Util.unsupported(Util.java:124)
	at org.aeonbits.owner.PropertiesManager.toURIs(PropertiesManager.java:134)
	at org.aeonbits.owner.PropertiesManager.<init>(PropertiesManager.java:105)
	at org.aeonbits.owner.DefaultFactory.create(DefaultFactory.java:43)
	at org.aeonbits.owner.ConfigFactory.create(ConfigFactory.java:66)
	at pageclass.WebConfig.<clinit>(WebConfig.java:15)
	... 35 more
Caused by: java.net.URISyntaxException: Illegal character in opaque part at index 2: C:\Users\bi050\eclipse-workspace_new1\METests\src\main\java\pageclass\prod.properties
	at java.net.URI$Parser.fail(URI.java:2848)
	at java.net.URI$Parser.checkChars(URI.java:3021)
	at java.net.URI$Parser.parse(URI.java:3058)
	at java.net.URI.<init>(URI.java:588)
	at org.aeonbits.owner.ConfigURIFactory.newURI(ConfigURIFactory.java:39)
	at org.aeonbits.owner.PropertiesManager.toURIs(PropertiesManager.java:130)
	... 39 more
... Removed 25 stack frames]]>
    </failure>
  </testcase> <!-- testsample -->
</testsuite> <!-- Command line test -->
