<?xml version="1.0" encoding="UTF-8"?>
<testng-results skipped="0" failed="1" total="1" passed="0">
  <reporter-output>
  </reporter-output>
  <suite name="Suite" duration-ms="86" started-at="2021-07-19T10:00:56Z" finished-at="2021-07-19T10:00:56Z">
    <groups>
    </groups>
    <test name="Test" duration-ms="86" started-at="2021-07-19T10:00:56Z" finished-at="2021-07-19T10:00:56Z">
      <class name="testclass.RunTest">
        <test-method status="PASS" signature="beforeTest(java.lang.String)[pri:0, instance:testclass.RunTest@7823a2f9]" name="beforeTest" is-config="true" duration-ms="49" started-at="2021-07-19T15:30:56Z" finished-at="2021-07-19T15:30:56Z">
          <params>
            <param index="0">
              <value>
                <![CDATA[prod]]>
              </value>
            </param>
          </params>
          <reporter-output>
          </reporter-output>
        </test-method> <!-- beforeTest -->
        <test-method status="FAIL" signature="sample()[pri:0, instance:testclass.RunTest@7823a2f9]" name="sample" duration-ms="9" started-at="2021-07-19T15:30:56Z" finished-at="2021-07-19T15:30:56Z">
          <exception class="java.lang.StackOverflowError">
            <full-stacktrace>
              <![CDATA[java.lang.StackOverflowError
	at testclass.RunTest.url(RunTest.java:28)
	at testclass.RunTest.url(RunTest.java:28)
	at testclass.RunTest.url(RunTest.java:28)
	at testclass.RunTest.url(RunTest.java:28)
	at testclass.RunTest.url(RunTest.java:28)
	at testclass.RunTest.url(RunTest.java:28)
	at testclass.RunTest.url(RunTest.java:28)
	at testclass.RunTest.url(RunTest.java:28)
	at testclass.RunTest.url(RunTest.java:28)
	at testclass.RunTest.url(RunTest.java:28)
	at testclass.RunTest.url(RunTest.java:28)
	at testclass.RunTest.url(RunTest.java:28)
	at testclass.RunTest.url(RunTest.java:28)
	at testclass.RunTest.url(RunTest.java:28)
	at testclass.RunTest.url(RunTest.java:28)
	at testclass.RunTest.url(RunTest.java:28)
	at testclass.RunTest.url(RunTest.java:28)
	at testclass.RunTest.url(RunTest.java:28)
	at testclass.RunTest.url(RunTest.java:28)
	at testclass.RunTest.url(RunTest.java:28)
	at testclass.RunTest.url(RunTest.java:28)
	at testclass.RunTest.url(RunTest.java:28)
	at testclass.RunTest.url(RunTest.java:28)
	at testclass.RunTest.url(RunTest.java:28)
	at testclass.RunTest.url(RunTest.java:28)
	at testclass.RunTest.url(RunTest.java:28)
	at testclass.RunTest.url(RunTest.java:28)
	at testclass.RunTest.url(RunTest.java:28)
	at testclass.RunTest.url(RunTest.java:28)
	at testclass.RunTest.url(RunTest.java:28)
	at testclass.RunTest.url(RunTest.java:28)
	at testclass.RunTest.url(RunTest.java:28)
	at testclass.RunTest.url(RunTest.java:28)
	at testclass.RunTest.url(RunTest.java:28)
	at testclass.RunTest.url(RunTest.java:28)
	at testclass.RunTest.url(RunTest.java:28)
	at testclass.RunTest.url(RunTest.java:28)
	at testclass.RunTest.url(RunTest.java:28)
	at testclass.RunTest.url(RunTest.java:28)
	at testclass.RunTest.url(RunTest.java:28)
	at testclass.RunTest.url(RunTest.java:28)
	at testclass.RunTest.url(RunTest.java:28)
	at testclass.RunTest.url(RunTest.java:28)
	at testclass.RunTest.url(RunTest.java:28)
	at testclass.RunTest.url(RunTest.java:28)
	at testclass.RunTest.url(RunTest.java:28)
	at testclass.RunTest.url(RunTest.java:28)
	at testclass.RunTest.url(RunTest.java:28)
	at testclass.RunTest.url(RunTest.java:28)
	at testclass.RunTest.url(RunTest.java:28)
	at testclass.RunTest.url(RunTest.java:28)
	at testclass.RunTest.url(RunTest.java:28)
	at testclass.RunTest.url(RunTest.java:28)
	at testclass.RunTest.url(RunTest.java:28)
	at testclass.RunTest.url(RunTest.java:28)
	at testclass.RunTest.url(RunTest.java:28)
	at testclass.RunTest.url(RunTest.java:28)
	at testclass.RunTest.url(RunTest.java:28)
	at testclass.RunTest.url(RunTest.java:28)
	at testclass.RunTest.url(RunTest.java:28)
	at testclass.RunTest.url(RunTest.java:28)
	at testclass.RunTest.url(RunTest.java:28)
	at testclass.RunTest.url(RunTest.java:28)
	at testclass.RunTest.url(RunTest.java:28)
	at testclass.RunTest.url(RunTest.java:28)
	at testclass.RunTest.url(RunTest.java:28)
	at testclass.RunTest.url(RunTest.java:28)
	at testclass.RunTest.url(RunTest.java:28)
	at testclass.RunTest.url(RunTest.java:28)
	at testclass.RunTest.url(RunTest.java:28)
	at testclass.RunTest.url(RunTest.java:28)
	at testclass.RunTest.url(RunTest.java:28)
	at testclass.RunTest.url(RunTest.java:28)
	at testclass.RunTest.url(RunTest.java:28)
	at testclass.RunTest.url(RunTest.java:28)
	at testclass.RunTest.url(RunTest.java:28)
	at testclass.RunTest.url(RunTest.java:28)
	at testclass.RunTest.url(RunTest.java:28)
	at testclass.RunTest.url(RunTest.java:28)
	at testclass.RunTest.url(RunTest.java:28)
	at testclass.RunTest.url(RunTest.java:28)
	at testclass.RunTest.url(RunTest.java:28)
	at testclass.RunTest.url(RunTest.java:28)
	at testclass.RunTest.url(RunTest.java:28)
	at testclass.RunTest.url(RunTest.java:28)
	at testclass.RunTest.url(RunTest.java:28)
	at testclass.RunTest.url(RunTest.java:28)
	at testclass.RunTest.url(RunTest.java:28)
	at testclass.RunTest.url(RunTest.java:28)
	at testclass.RunTest.url(RunTest.java:28)
	at testclass.RunTest.url(RunTest.java:28)
	at testclass.RunTest.url(RunTest.java:28)
	at testclass.RunTest.url(RunTest.java:28)
	at testclass.RunTest.url(RunTest.java:28)
	at testclass.RunTest.url(RunTest.java:28)
	at testclass.RunTest.url(RunTest.java:28)
	at testclass.RunTest.url(RunTest.java:28)
	at testclass.RunTest.url(RunTest.java:28)
	at testclass.RunTest.url(RunTest.java:28)
	at testclass.RunTest.url(RunTest.java:28)
	at testclass.RunTest.url(RunTest.java:28)
	at testclass.RunTest.url(RunTest.java:28)
	at testclass.RunTest.url(RunTest.java:28)
	at testclass.RunTest.url(RunTest.java:28)
	at testclass.RunTest.url(RunTest.java:28)
	at testclass.RunTest.url(RunTest.java:28)
	at testclass.RunTest.url(RunTest.java:28)
	at testclass.RunTest.url(RunTest.java:28)
	at testclass.RunTest.url(RunTest.java:28)
	at testclass.RunTest.url(RunTest.java:28)
	at testclass.RunTest.url(RunTest.java:28)
	at testclass.RunTest.url(RunTest.java:28)
	at testclass.RunTest.url(RunTest.java:28)
	at testclass.RunTest.url(RunTest.java:28)
	at testclass.RunTest.url(RunTest.java:28)
	at testclass.RunTest.url(RunTest.java:28)
	at testclass.RunTest.url(RunTest.java:28)
	at testclass.RunTest.url(RunTest.java:28)
	at testclass.RunTest.url(RunTest.java:28)
	at testclass.RunTest.url(RunTest.java:28)
	at testclass.RunTest.url(RunTest.java:28)
	at testclass.RunTest.url(RunTest.java:28)
	at testclass.RunTest.url(RunTest.java:28)
	at testclass.RunTest.url(RunTest.java:28)
	at testclass.RunTest.url(RunTest.java:28)
	at testclass.RunTest.url(RunTest.java:28)
	at testclass.RunTest.url(RunTest.java:28)
	at testclass.RunTest.url(RunTest.java:28)
	at testclass.RunTest.url(RunTest.java:28)
	at testclass.RunTest.url(RunTest.java:28)
	at testclass.RunTest.url(RunTest.java:28)
	at testclass.RunTest.url(RunTest.java:28)
	at testclass.RunTest.url(RunTest.java:28)
	at testclass.RunTest.url(RunTest.java:28)
	at testclass.RunTest.url(RunTest.java:28)
	at testclass.RunTest.url(RunTest.java:28)
	at testclass.RunTest.url(RunTest.java:28)
	at testclass.RunTest.url(RunTest.java:28)
	at testclass.RunTest.url(RunTest.java:28)
	at testclass.RunTest.url(RunTest.java:28)
	at testclass.RunTest.url(RunTest.java:28)
	at testclass.RunTest.url(RunTest.java:28)
	at testclass.RunTest.url(RunTest.java:28)
	at testclass.RunTest.url(RunTest.java:28)
	at testclass.RunTest.url(RunTest.java:28)
	at testclass.RunTest.url(RunTest.java:28)
	at testclass.RunTest.url(RunTest.java:28)
	at testclass.RunTest.url(RunTest.java:28)
	at testclass.RunTest.url(RunTest.java:28)
	at testclass.RunTest.url(RunTest.java:28)
	at testclass.RunTest.url(RunTest.java:28)
	at testclass.RunTest.url(RunTest.java:28)
	at testclass.RunTest.url(RunTest.java:28)
	at testclass.RunTest.url(RunTest.java:28)
	at testclass.RunTest.url(RunTest.java:28)
	at testclass.RunTest.url(RunTest.java:28)
	at testclass.RunTest.url(RunTest.java:28)
	at testclass.RunTest.url(RunTest.java:28)
	at testclass.RunTest.url(RunTest.java:28)
	at testclass.RunTest.url(RunTest.java:28)
	at testclass.RunTest.url(RunTest.java:28)
	at testclass.RunTest.url(RunTest.java:28)
	at testclass.RunTest.url(RunTest.java:28)
	at testclass.RunTest.url(RunTest.java:28)
	at testclass.RunTest.url(RunTest.java:28)
	at testclass.RunTest.url(RunTest.java:28)
	at testclass.RunTest.url(RunTest.java:28)
	at testclass.RunTest.url(RunTest.java:28)
	at testclass.RunTest.url(RunTest.java:28)
	at testclass.RunTest.url(RunTest.java:28)
	at testclass.RunTest.url(RunTest.java:28)
	at testclass.RunTest.url(RunTest.java:28)
	at testclass.RunTest.url(RunTest.java:28)
	at testclass.RunTest.url(RunTest.java:28)
	at testclass.RunTest.url(RunTest.java:28)
	at testclass.RunTest.url(RunTest.java:28)
	at testclass.RunTest.url(RunTest.java:28)
	at testclass.RunTest.url(RunTest.java:28)
	at testclass.RunTest.url(RunTest.java:28)
	at testclass.RunTest.url(RunTest.java:28)
	at testclass.RunTest.url(RunTest.java:28)
	at testclass.RunTest.url(RunTest.java:28)
	at testclass.RunTest.url(RunTest.java:28)
	at testclass.RunTest.url(RunTest.java:28)
	at testclass.RunTest.url(RunTest.java:28)
	at testclass.RunTest.url(RunTest.java:28)
	at testclass.RunTest.url(RunTest.java:28)
	at testclass.RunTest.url(RunTest.java:28)
	at testclass.RunTest.url(RunTest.java:28)
	at testclass.RunTest.url(RunTest.java:28)
	at testclass.RunTest.url(RunTest.java:28)
	at testclass.RunTest.url(RunTest.java:28)
	at testclass.RunTest.url(RunTest.java:28)
	at testclass.RunTest.url(RunTest.java:28)
	at testclass.RunTest.url(RunTest.java:28)
	at testclass.RunTest.url(RunTest.java:28)
	at testclass.RunTest.url(RunTest.java:28)
	at testclass.RunTest.url(RunTest.java:28)
	at testclass.RunTest.url(RunTest.java:28)
	at testclass.RunTest.url(RunTest.java:28)
	at testclass.RunTest.url(RunTest.java:28)
	at testclass.RunTest.url(RunTest.java:28)
	at testclass.RunTest.url(RunTest.java:28)
	at testclass.RunTest.url(RunTest.java:28)
	at testclass.RunTest.url(RunTest.java:28)
	at testclass.RunTest.url(RunTest.java:28)
	at testclass.RunTest.url(RunTest.java:28)
	at testclass.RunTest.url(RunTest.java:28)
	at testclass.RunTest.url(RunTest.java:28)
	at testclass.RunTest.url(RunTest.java:28)
	at testclass.RunTest.url(RunTest.java:28)
	at testclass.RunTest.url(RunTest.java:28)
	at testclass.RunTest.url(RunTest.java:28)
	at testclass.RunTest.url(RunTest.java:28)
	at testclass.RunTest.url(RunTest.java:28)
	at testclass.RunTest.url(RunTest.java:28)
	at testclass.RunTest.url(RunTest.java:28)
	at testclass.RunTest.url(RunTest.java:28)
	at testclass.RunTest.url(RunTest.java:28)
	at testclass.RunTest.url(RunTest.java:28)
	at testclass.RunTest.url(RunTest.java:28)
	at testclass.RunTest.url(RunTest.java:28)
	at testclass.RunTest.url(RunTest.java:28)
	at testclass.RunTest.url(RunTest.java:28)
	at testclass.RunTest.url(RunTest.java:28)
	at testclass.RunTest.url(RunTest.java:28)
	at testclass.RunTest.url(RunTest.java:28)
	at testclass.RunTest.url(RunTest.java:28)
	at testclass.RunTest.url(RunTest.java:28)
	at testclass.RunTest.url(RunTest.java:28)
	at testclass.RunTest.url(RunTest.java:28)
	at testclass.RunTest.url(RunTest.java:28)
	at testclass.RunTest.url(RunTest.java:28)
	at testclass.RunTest.url(RunTest.java:28)
	at testclass.RunTest.url(RunTest.java:28)
	at testclass.RunTest.url(RunTest.java:28)
	at testclass.RunTest.url(RunTest.java:28)
	at testclass.RunTest.url(RunTest.java:28)
	at testclass.RunTest.url(RunTest.java:28)
	at testclass.RunTest.url(RunTest.java:28)
	at testclass.RunTest.url(RunTest.java:28)
	at testclass.RunTest.url(RunTest.java:28)
	at testclass.RunTest.url(RunTest.java:28)
	at testclass.RunTest.url(RunTest.java:28)
	at testclass.RunTest.url(RunTest.java:28)
	at testclass.RunTest.url(RunTest.java:28)
	at testclass.RunTest.url(RunTest.java:28)
	at testclass.RunTest.url(RunTest.java:28)
	at testclass.RunTest.url(RunTest.java:28)
	at testclass.RunTest.url(RunTest.java:28)
	at testclass.RunTest.url(RunTest.java:28)
	at testclass.RunTest.url(RunTest.java:28)
	at testclass.RunTest.url(RunTest.java:28)
	at testclass.RunTest.url(RunTest.java:28)
	at testclass.RunTest.url(RunTest.java:28)
	at testclass.RunTest.url(RunTest.java:28)
	at testclass.RunTest.url(RunTest.java:28)
	at testclass.RunTest.url(RunTest.java:28)
	at testclass.RunTest.url(RunTest.java:28)
	at testclass.RunTest.url(RunTest.java:28)
	at testclass.RunTest.url(RunTest.java:28)
	at testclass.RunTest.url(RunTest.java:28)
	at testclass.RunTest.url(RunTest.java:28)
	at testclass.RunTest.url(RunTest.java:28)
	at testclass.RunTest.url(RunTest.java:28)
	at testclass.RunTest.url(RunTest.java:28)
	at testclass.RunTest.url(RunTest.java:28)
	at testclass.RunTest.url(RunTest.java:28)
	at testclass.RunTest.url(RunTest.java:28)
	at testclass.RunTest.url(RunTest.java:28)
	at testclass.RunTest.url(RunTest.java:28)
	at testclass.RunTest.url(RunTest.java:28)
	at testclass.RunTest.url(RunTest.java:28)
	at testclass.RunTest.url(RunTest.java:28)
	at testclass.RunTest.url(RunTest.java:28)
	at testclass.RunTest.url(RunTest.java:28)
	at testclass.RunTest.url(RunTest.java:28)
	at testclass.RunTest.url(RunTest.java:28)
	at testclass.RunTest.url(RunTest.java:28)
	at testclass.RunTest.url(RunTest.java:28)
	at testclass.RunTest.url(RunTest.java:28)
	at testclass.RunTest.url(RunTest.java:28)
	at testclass.RunTest.url(RunTest.java:28)
	at testclass.RunTest.url(RunTest.java:28)
	at testclass.RunTest.url(RunTest.java:28)
	at testclass.RunTest.url(RunTest.java:28)
	at testclass.RunTest.url(RunTest.java:28)
	at testclass.RunTest.url(RunTest.java:28)
	at testclass.RunTest.url(RunTest.java:28)
	at testclass.RunTest.url(RunTest.java:28)
	at testclass.RunTest.url(RunTest.java:28)
	at testclass.RunTest.url(RunTest.java:28)
	at testclass.RunTest.url(RunTest.java:28)
	at testclass.RunTest.url(RunTest.java:28)
	at testclass.RunTest.url(RunTest.java:28)
	at testclass.RunTest.url(RunTest.java:28)
	at testclass.RunTest.url(RunTest.java:28)
	at testclass.RunTest.url(RunTest.java:28)
	at testclass.RunTest.url(RunTest.java:28)
	at testclass.RunTest.url(RunTest.java:28)
	at testclass.RunTest.url(RunTest.java:28)
	at testclass.RunTest.url(RunTest.java:28)
	at testclass.RunTest.url(RunTest.java:28)
	at testclass.RunTest.url(RunTest.java:28)
	at testclass.RunTest.url(RunTest.java:28)
	at testclass.RunTest.url(RunTest.java:28)
	at testclass.RunTest.url(RunTest.java:28)
	at testclass.RunTest.url(RunTest.java:28)
	at testclass.RunTest.url(RunTest.java:28)
	at testclass.RunTest.url(RunTest.java:28)
	at testclass.RunTest.url(RunTest.java:28)
	at testclass.RunTest.url(RunTest.java:28)
	at testclass.RunTest.url(RunTest.java:28)
	at testclass.RunTest.url(RunTest.java:28)
	at testclass.RunTest.url(RunTest.java:28)
	at testclass.RunTest.url(RunTest.java:28)
	at testclass.RunTest.url(RunTest.java:28)
	at testclass.RunTest.url(RunTest.java:28)
	at testclass.RunTest.url(RunTest.java:28)
	at testclass.RunTest.url(RunTest.java:28)
	at testclass.RunTest.url(RunTest.java:28)
	at testclass.RunTest.url(RunTest.java:28)
	at testclass.RunTest.url(RunTest.java:28)
	at testclass.RunTest.url(RunTest.java:28)
	at testclass.RunTest.url(RunTest.java:28)
	at testclass.RunTest.url(RunTest.java:28)
	at testclass.RunTest.url(RunTest.java:28)
	at testclass.RunTest.url(RunTest.java:28)
	at testclass.RunTest.url(RunTest.java:28)
	at testclass.RunTest.url(RunTest.java:28)
	at testclass.RunTest.url(RunTest.java:28)
	at testclass.RunTest.url(RunTest.java:28)
	at testclass.RunTest.url(RunTest.java:28)
	at testclass.RunTest.url(RunTest.java:28)
	at testclass.RunTest.url(RunTest.java:28)
	at testclass.RunTest.url(RunTest.java:28)
	at testclass.RunTest.url(RunTest.java:28)
	at testclass.RunTest.url(RunTest.java:28)
	at testclass.RunTest.url(RunTest.java:28)
	at testclass.RunTest.url(RunTest.java:28)
	at testclass.RunTest.url(RunTest.java:28)
	at testclass.RunTest.url(RunTest.java:28)
	at testclass.RunTest.url(RunTest.java:28)
	at testclass.RunTest.url(RunTest.java:28)
	at testclass.RunTest.url(RunTest.java:28)
	at testclass.RunTest.url(RunTest.java:28)
	at testclass.RunTest.url(RunTest.java:28)
	at testclass.RunTest.url(RunTest.java:28)
	at testclass.RunTest.url(RunTest.java:28)
	at testclass.RunTest.url(RunTest.java:28)
	at testclass.RunTest.url(RunTest.java:28)
	at testclass.RunTest.url(RunTest.java:28)
	at testclass.RunTest.url(RunTest.java:28)
	at testclass.RunTest.url(RunTest.java:28)
	at testclass.RunTest.url(RunTest.java:28)
	at testclass.RunTest.url(RunTest.java:28)
	at testclass.RunTest.url(RunTest.java:28)
	at testclass.RunTest.url(RunTest.java:28)
	at testclass.RunTest.url(RunTest.java:28)
	at testclass.RunTest.url(RunTest.java:28)
	at testclass.RunTest.url(RunTest.java:28)
	at testclass.RunTest.url(RunTest.java:28)
	at testclass.RunTest.url(RunTest.java:28)
	at testclass.RunTest.url(RunTest.java:28)
	at testclass.RunTest.url(RunTest.java:28)
	at testclass.RunTest.url(RunTest.java:28)
	at testclass.RunTest.url(RunTest.java:28)
	at testclass.RunTest.url(RunTest.java:28)
	at testclass.RunTest.url(RunTest.java:28)
	at testclass.RunTest.url(RunTest.java:28)
	at testclass.RunTest.url(RunTest.java:28)
	at testclass.RunTest.url(RunTest.java:28)
	at testclass.RunTest.url(RunTest.java:28)
	at testclass.RunTest.url(RunTest.java:28)
	at testclass.RunTest.url(RunTest.java:28)
	at testclass.RunTest.url(RunTest.java:28)
	at testclass.RunTest.url(RunTest.java:28)
	at testclass.RunTest.url(RunTest.java:28)
	at testclass.RunTest.url(RunTest.java:28)
	at testclass.RunTest.url(RunTest.java:28)
	at testclass.RunTest.url(RunTest.java:28)
	at testclass.RunTest.url(RunTest.java:28)
	at testclass.RunTest.url(RunTest.java:28)
	at testclass.RunTest.url(RunTest.java:28)
	at testclass.RunTest.url(RunTest.java:28)
	at testclass.RunTest.url(RunTest.java:28)
	at testclass.RunTest.url(RunTest.java:28)
	at testclass.RunTest.url(RunTest.java:28)
	at testclass.RunTest.url(RunTest.java:28)
	at testclass.RunTest.url(RunTest.java:28)
	at testclass.RunTest.url(RunTest.java:28)
	at testclass.RunTest.url(RunTest.java:28)
	at testclass.RunTest.url(RunTest.java:28)
	at testclass.RunTest.url(RunTest.java:28)
	at testclass.RunTest.url(RunTest.java:28)
	at testclass.RunTest.url(RunTest.java:28)
	at testclass.RunTest.url(RunTest.java:28)
	at testclass.RunTest.url(RunTest.java:28)
	at testclass.RunTest.url(RunTest.java:28)
	at testclass.RunTest.url(RunTest.java:28)
	at testclass.RunTest.url(RunTest.java:28)
	at testclass.RunTest.url(RunTest.java:28)
	at testclass.RunTest.url(RunTest.java:28)
	at testclass.RunTest.url(RunTest.java:28)
	at testclass.RunTest.url(RunTest.java:28)
	at testclass.RunTest.url(RunTest.java:28)
	at testclass.RunTest.url(RunTest.java:28)
	at testclass.RunTest.url(RunTest.java:28)
	at testclass.RunTest.url(RunTest.java:28)
	at testclass.RunTest.url(RunTest.java:28)
	at testclass.RunTest.url(RunTest.java:28)
	at testclass.RunTest.url(RunTest.java:28)
	at testclass.RunTest.url(RunTest.java:28)
	at testclass.RunTest.url(RunTest.java:28)
	at testclass.RunTest.url(RunTest.java:28)
	at testclass.RunTest.url(RunTest.java:28)
	at testclass.RunTest.url(RunTest.java:28)
	at testclass.RunTest.url(RunTest.java:28)
	at testclass.RunTest.url(RunTest.java:28)
	at testclass.RunTest.url(RunTest.java:28)
	at testclass.RunTest.url(RunTest.java:28)
	at testclass.RunTest.url(RunTest.java:28)
	at testclass.RunTest.url(RunTest.java:28)
	at testclass.RunTest.url(RunTest.java:28)
	at testclass.RunTest.url(RunTest.java:28)
	at testclass.RunTest.url(RunTest.java:28)
	at testclass.RunTest.url(RunTest.java:28)
	at testclass.RunTest.url(RunTest.java:28)
	at testclass.RunTest.url(RunTest.java:28)
	at testclass.RunTest.url(RunTest.java:28)
	at testclass.RunTest.url(RunTest.java:28)
	at testclass.RunTest.url(RunTest.java:28)
	at testclass.RunTest.url(RunTest.java:28)
	at testclass.RunTest.url(RunTest.java:28)
	at testclass.RunTest.url(RunTest.java:28)
	at testclass.RunTest.url(RunTest.java:28)
	at testclass.RunTest.url(RunTest.java:28)
	at testclass.RunTest.url(RunTest.java:28)
	at testclass.RunTest.url(RunTest.java:28)
	at testclass.RunTest.url(RunTest.java:28)
	at testclass.RunTest.url(RunTest.java:28)
	at testclass.RunTest.url(RunTest.java:28)
	at testclass.RunTest.url(RunTest.java:28)
	at testclass.RunTest.url(RunTest.java:28)
	at testclass.RunTest.url(RunTest.java:28)
	at testclass.RunTest.url(RunTest.java:28)
	at testclass.RunTest.url(RunTest.java:28)
	at testclass.RunTest.url(RunTest.java:28)
	at testclass.RunTest.url(RunTest.java:28)
	at testclass.RunTest.url(RunTest.java:28)
	at testclass.RunTest.url(RunTest.java:28)
	at testclass.RunTest.url(RunTest.java:28)
	at testclass.RunTest.url(RunTest.java:28)
	at testclass.RunTest.url(RunTest.java:28)
	at testclass.RunTest.url(RunTest.java:28)
	at testclass.RunTest.url(RunTest.java:28)
	at testclass.RunTest.url(RunTest.java:28)
	at testclass.RunTest.url(RunTest.java:28)
	at testclass.RunTest.url(RunTest.java:28)
	at testclass.RunTest.url(RunTest.java:28)
	at testclass.RunTest.url(RunTest.java:28)
	at testclass.RunTest.url(RunTest.java:28)
	at testclass.RunTest.url(RunTest.java:28)
	at testclass.RunTest.url(RunTest.java:28)
	at testclass.RunTest.url(RunTest.java:28)
	at testclass.RunTest.url(RunTest.java:28)
	at testclass.RunTest.url(RunTest.java:28)
	at testclass.RunTest.url(RunTest.java:28)
	at testclass.RunTest.url(RunTest.java:28)
	at testclass.RunTest.url(RunTest.java:28)
	at testclass.RunTest.url(RunTest.java:28)
	at testclass.RunTest.url(RunTest.java:28)
	at testclass.RunTest.url(RunTest.java:28)
	at testclass.RunTest.url(RunTest.java:28)
	at testclass.RunTest.url(RunTest.java:28)
	at testclass.RunTest.url(RunTest.java:28)
	at testclass.RunTest.url(RunTest.java:28)
	at testclass.RunTest.url(RunTest.java:28)
	at testclass.RunTest.url(RunTest.java:28)
	at testclass.RunTest.url(RunTest.java:28)
	at testclass.RunTest.url(RunTest.java:28)
	at testclass.RunTest.url(RunTest.java:28)
	at testclass.RunTest.url(RunTest.java:28)
	at testclass.RunTest.url(RunTest.java:28)
	at testclass.RunTest.url(RunTest.java:28)
	at testclass.RunTest.url(RunTest.java:28)
	at testclass.RunTest.url(RunTest.java:28)
	at testclass.RunTest.url(RunTest.java:28)
	at testclass.RunTest.url(RunTest.java:28)
	at testclass.RunTest.url(RunTest.java:28)
	at testclass.RunTest.url(RunTest.java:28)
	at testclass.RunTest.url(RunTest.java:28)
	at testclass.RunTest.url(RunTest.java:28)
	at testclass.RunTest.url(RunTest.java:28)
	at testclass.RunTest.url(RunTest.java:28)
	at testclass.RunTest.url(RunTest.java:28)
	at testclass.RunTest.url(RunTest.java:28)
	at testclass.RunTest.url(RunTest.java:28)
	at testclass.RunTest.url(RunTest.java:28)
	at testclass.RunTest.url(RunTest.java:28)
	at testclass.RunTest.url(RunTest.java:28)
	at testclass.RunTest.url(RunTest.java:28)
	at testclass.RunTest.url(RunTest.java:28)
	at testclass.RunTest.url(RunTest.java:28)
	at testclass.RunTest.url(RunTest.java:28)
	at testclass.RunTest.url(RunTest.java:28)
	at testclass.RunTest.url(RunTest.java:28)
	at testclass.RunTest.url(RunTest.java:28)
	at testclass.RunTest.url(RunTest.java:28)
	at testclass.RunTest.url(RunTest.java:28)
	at testclass.RunTest.url(RunTest.java:28)
	at testclass.RunTest.url(RunTest.java:28)
	at testclass.RunTest.url(RunTest.java:28)
	at testclass.RunTest.url(RunTest.java:28)
	at testclass.RunTest.url(RunTest.java:28)
	at testclass.RunTest.url(RunTest.java:28)
	at testclass.RunTest.url(RunTest.java:28)
	at testclass.RunTest.url(RunTest.java:28)
	at testclass.RunTest.url(RunTest.java:28)
	at testclass.RunTest.url(RunTest.java:28)
	at testclass.RunTest.url(RunTest.java:28)
	at testclass.RunTest.url(RunTest.java:28)
	at testclass.RunTest.url(RunTest.java:28)
	at testclass.RunTest.url(RunTest.java:28)
	at testclass.RunTest.url(RunTest.java:28)
	at testclass.RunTest.url(RunTest.java:28)
	at testclass.RunTest.url(RunTest.java:28)
	at testclass.RunTest.url(RunTest.java:28)
	at testclass.RunTest.url(RunTest.java:28)
	at testclass.RunTest.url(RunTest.java:28)
	at testclass.RunTest.url(RunTest.java:28)
	at testclass.RunTest.url(RunTest.java:28)
	at testclass.RunTest.url(RunTest.java:28)
	at testclass.RunTest.url(RunTest.java:28)
	at testclass.RunTest.url(RunTest.java:28)
	at testclass.RunTest.url(RunTest.java:28)
	at testclass.RunTest.url(RunTest.java:28)
	at testclass.RunTest.url(RunTest.java:28)
	at testclass.RunTest.url(RunTest.java:28)
	at testclass.RunTest.url(RunTest.java:28)
	at testclass.RunTest.url(RunTest.java:28)
	at testclass.RunTest.url(RunTest.java:28)
	at testclass.RunTest.url(RunTest.java:28)
	at testclass.RunTest.url(RunTest.java:28)
	at testclass.RunTest.url(RunTest.java:28)
	at testclass.RunTest.url(RunTest.java:28)
	at testclass.RunTest.url(RunTest.java:28)
	at testclass.RunTest.url(RunTest.java:28)
	at testclass.RunTest.url(RunTest.java:28)
	at testclass.RunTest.url(RunTest.java:28)
	at testclass.RunTest.url(RunTest.java:28)
	at testclass.RunTest.url(RunTest.java:28)
	at testclass.RunTest.url(RunTest.java:28)
	at testclass.RunTest.url(RunTest.java:28)
	at testclass.RunTest.url(RunTest.java:28)
	at testclass.RunTest.url(RunTest.java:28)
	at testclass.RunTest.url(RunTest.java:28)
	at testclass.RunTest.url(RunTest.java:28)
	at testclass.RunTest.url(RunTest.java:28)
	at testclass.RunTest.url(RunTest.java:28)
	at testclass.RunTest.url(RunTest.java:28)
	at testclass.RunTest.url(RunTest.java:28)
	at testclass.RunTest.url(RunTest.java:28)
	at testclass.RunTest.url(RunTest.java:28)
	at testclass.RunTest.url(RunTest.java:28)
	at testclass.RunTest.url(RunTest.java:28)
	at testclass.RunTest.url(RunTest.java:28)
	at testclass.RunTest.url(RunTest.java:28)
	at testclass.RunTest.url(RunTest.java:28)
	at testclass.RunTest.url(RunTest.java:28)
	at testclass.RunTest.url(RunTest.java:28)
	at testclass.RunTest.url(RunTest.java:28)
	at testclass.RunTest.url(RunTest.java:28)
	at testclass.RunTest.url(RunTest.java:28)
	at testclass.RunTest.url(RunTest.java:28)
	at testclass.RunTest.url(RunTest.java:28)
	at testclass.RunTest.url(RunTest.java:28)
	at testclass.RunTest.url(RunTest.java:28)
	at testclass.RunTest.url(RunTest.java:28)
	at testclass.RunTest.url(RunTest.java:28)
	at testclass.RunTest.url(RunTest.java:28)
	at testclass.RunTest.url(RunTest.java:28)
	at testclass.RunTest.url(RunTest.java:28)
	at testclass.RunTest.url(RunTest.java:28)
	at testclass.RunTest.url(RunTest.java:28)
	at testclass.RunTest.url(RunTest.java:28)
	at testclass.RunTest.url(RunTest.java:28)
	at testclass.RunTest.url(RunTest.java:28)
	at testclass.RunTest.url(RunTest.java:28)
	at testclass.RunTest.url(RunTest.java:28)
	at testclass.RunTest.url(RunTest.java:28)
	at testclass.RunTest.url(RunTest.java:28)
	at testclass.RunTest.url(RunTest.java:28)
	at testclass.RunTest.url(RunTest.java:28)
	at testclass.RunTest.url(RunTest.java:28)
	at testclass.RunTest.url(RunTest.java:28)
	at testclass.RunTest.url(RunTest.java:28)
	at testclass.RunTest.url(RunTest.java:28)
	at testclass.RunTest.url(RunTest.java:28)
	at testclass.RunTest.url(RunTest.java:28)
	at testclass.RunTest.url(RunTest.java:28)
	at testclass.RunTest.url(RunTest.java:28)
	at testclass.RunTest.url(RunTest.java:28)
	at testclass.RunTest.url(RunTest.java:28)
	at testclass.RunTest.url(RunTest.java:28)
	at testclass.RunTest.url(RunTest.java:28)
	at testclass.RunTest.url(RunTest.java:28)
	at testclass.RunTest.url(RunTest.java:28)
	at testclass.RunTest.url(RunTest.java:28)
	at testclass.RunTest.url(RunTest.java:28)
	at testclass.RunTest.url(RunTest.java:28)
	at testclass.RunTest.url(RunTest.java:28)
	at testclass.RunTest.url(RunTest.java:28)
	at testclass.RunTest.url(RunTest.java:28)
	at testclass.RunTest.url(RunTest.java:28)
	at testclass.RunTest.url(RunTest.java:28)
	at testclass.RunTest.url(RunTest.java:28)
	at testclass.RunTest.url(RunTest.java:28)
	at testclass.RunTest.url(RunTest.java:28)
	at testclass.RunTest.url(RunTest.java:28)
	at testclass.RunTest.url(RunTest.java:28)
	at testclass.RunTest.url(RunTest.java:28)
	at testclass.RunTest.url(RunTest.java:28)
	at testclass.RunTest.url(RunTest.java:28)
	at testclass.RunTest.url(RunTest.java:28)
	at testclass.RunTest.url(RunTest.java:28)
	at testclass.RunTest.url(RunTest.java:28)
	at testclass.RunTest.url(RunTest.java:28)
	at testclass.RunTest.url(RunTest.java:28)
	at testclass.RunTest.url(RunTest.java:28)
	at testclass.RunTest.url(RunTest.java:28)
	at testclass.RunTest.url(RunTest.java:28)
	at testclass.RunTest.url(RunTest.java:28)
	at testclass.RunTest.url(RunTest.java:28)
	at testclass.RunTest.url(RunTest.java:28)
	at testclass.RunTest.url(RunTest.java:28)
	at testclass.RunTest.url(RunTest.java:28)
	at testclass.RunTest.url(RunTest.java:28)
	at testclass.RunTest.url(RunTest.java:28)
	at testclass.RunTest.url(RunTest.java:28)
	at testclass.RunTest.url(RunTest.java:28)
	at testclass.RunTest.url(RunTest.java:28)
	at testclass.RunTest.url(RunTest.java:28)
	at testclass.RunTest.url(RunTest.java:28)
	at testclass.RunTest.url(RunTest.java:28)
	at testclass.RunTest.url(RunTest.java:28)
	at testclass.RunTest.url(RunTest.java:28)
	at testclass.RunTest.url(RunTest.java:28)
	at testclass.RunTest.url(RunTest.java:28)
	at testclass.RunTest.url(RunTest.java:28)
	at testclass.RunTest.url(RunTest.java:28)
	at testclass.RunTest.url(RunTest.java:28)
	at testclass.RunTest.url(RunTest.java:28)
	at testclass.RunTest.url(RunTest.java:28)
	at testclass.RunTest.url(RunTest.java:28)
	at testclass.RunTest.url(RunTest.java:28)
	at testclass.RunTest.url(RunTest.java:28)
	at testclass.RunTest.url(RunTest.java:28)
	at testclass.RunTest.url(RunTest.java:28)
	at testclass.RunTest.url(RunTest.java:28)
	at testclass.RunTest.url(RunTest.java:28)
	at testclass.RunTest.url(RunTest.java:28)
	at testclass.RunTest.url(RunTest.java:28)
	at testclass.RunTest.url(RunTest.java:28)
	at testclass.RunTest.url(RunTest.java:28)
	at testclass.RunTest.url(RunTest.java:28)
	at testclass.RunTest.url(RunTest.java:28)
	at testclass.RunTest.url(RunTest.java:28)
	at testclass.RunTest.url(RunTest.java:28)
	at testclass.RunTest.url(RunTest.java:28)
	at testclass.RunTest.url(RunTest.java:28)
	at testclass.RunTest.url(RunTest.java:28)
	at testclass.RunTest.url(RunTest.java:28)
	at testclass.RunTest.url(RunTest.java:28)
	at testclass.RunTest.url(RunTest.java:28)
	at testclass.RunTest.url(RunTest.java:28)
	at testclass.RunTest.url(RunTest.java:28)
	at testclass.RunTest.url(RunTest.java:28)
	at testclass.RunTest.url(RunTest.java:28)
	at testclass.RunTest.url(RunTest.java:28)
	at testclass.RunTest.url(RunTest.java:28)
	at testclass.RunTest.url(RunTest.java:28)
	at testclass.RunTest.url(RunTest.java:28)
	at testclass.RunTest.url(RunTest.java:28)
	at testclass.RunTest.url(RunTest.java:28)
	at testclass.RunTest.url(RunTest.java:28)
	at testclass.RunTest.url(RunTest.java:28)
	at testclass.RunTest.url(RunTest.java:28)
	at testclass.RunTest.url(RunTest.java:28)
	at testclass.RunTest.url(RunTest.java:28)
	at testclass.RunTest.url(RunTest.java:28)
	at testclass.RunTest.url(RunTest.java:28)
	at testclass.RunTest.url(RunTest.java:28)
	at testclass.RunTest.url(RunTest.java:28)
	at testclass.RunTest.url(RunTest.java:28)
	at testclass.RunTest.url(RunTest.java:28)
	at testclass.RunTest.url(RunTest.java:28)
	at testclass.RunTest.url(RunTest.java:28)
	at testclass.RunTest.url(RunTest.java:28)
	at testclass.RunTest.url(RunTest.java:28)
	at testclass.RunTest.url(RunTest.java:28)
	at testclass.RunTest.url(RunTest.java:28)
	at testclass.RunTest.url(RunTest.java:28)
	at testclass.RunTest.url(RunTest.java:28)
	at testclass.RunTest.url(RunTest.java:28)
	at testclass.RunTest.url(RunTest.java:28)
	at testclass.RunTest.url(RunTest.java:28)
	at testclass.RunTest.url(RunTest.java:28)
	at testclass.RunTest.url(RunTest.java:28)
	at testclass.RunTest.url(RunTest.java:28)
	at testclass.RunTest.url(RunTest.java:28)
	at testclass.RunTest.url(RunTest.java:28)
	at testclass.RunTest.url(RunTest.java:28)
	at testclass.RunTest.url(RunTest.java:28)
	at testclass.RunTest.url(RunTest.java:28)
	at testclass.RunTest.url(RunTest.java:28)
	at testclass.RunTest.url(RunTest.java:28)
	at testclass.RunTest.url(RunTest.java:28)
	at testclass.RunTest.url(RunTest.java:28)
	at testclass.RunTest.url(RunTest.java:28)
	at testclass.RunTest.url(RunTest.java:28)
	at testclass.RunTest.url(RunTest.java:28)
	at testclass.RunTest.url(RunTest.java:28)
	at testclass.RunTest.url(RunTest.java:28)
	at testclass.RunTest.url(RunTest.java:28)
	at testclass.RunTest.url(RunTest.java:28)
	at testclass.RunTest.url(RunTest.java:28)
	at testclass.RunTest.url(RunTest.java:28)
	at testclass.RunTest.url(RunTest.java:28)
	at testclass.RunTest.url(RunTest.java:28)
	at testclass.RunTest.url(RunTest.java:28)
	at testclass.RunTest.url(RunTest.java:28)
	at testclass.RunTest.url(RunTest.java:28)
	at testclass.RunTest.url(RunTest.java:28)
	at testclass.RunTest.url(RunTest.java:28)
	at testclass.RunTest.url(RunTest.java:28)
	at testclass.RunTest.url(RunTest.java:28)
	at testclass.RunTest.url(RunTest.java:28)
	at testclass.RunTest.url(RunTest.java:28)
	at testclass.RunTest.url(RunTest.java:28)
	at testclass.RunTest.url(RunTest.java:28)
	at testclass.RunTest.url(RunTest.java:28)
	at testclass.RunTest.url(RunTest.java:28)
	at testclass.RunTest.url(RunTest.java:28)
	at testclass.RunTest.url(RunTest.java:28)
	at testclass.RunTest.url(RunTest.java:28)
	at testclass.RunTest.url(RunTest.java:28)
	at testclass.RunTest.url(RunTest.java:28)
	at testclass.RunTest.url(RunTest.java:28)
	at testclass.RunTest.url(RunTest.java:28)
	at testclass.RunTest.url(RunTest.java:28)
	at testclass.RunTest.url(RunTest.java:28)
	at testclass.RunTest.url(RunTest.java:28)
	at testclass.RunTest.url(RunTest.java:28)
	at testclass.RunTest.url(RunTest.java:28)
	at testclass.RunTest.url(RunTest.java:28)
	at testclass.RunTest.url(RunTest.java:28)
	at testclass.RunTest.url(RunTest.java:28)
	at testclass.RunTest.url(RunTest.java:28)
	at testclass.RunTest.url(RunTest.java:28)
	at testclass.RunTest.url(RunTest.java:28)
	at testclass.RunTest.url(RunTest.java:28)
	at testclass.RunTest.url(RunTest.java:28)
	at testclass.RunTest.url(RunTest.java:28)
	at testclass.RunTest.url(RunTest.java:28)
	at testclass.RunTest.url(RunTest.java:28)
	at testclass.RunTest.url(RunTest.java:28)
	at testclass.RunTest.url(RunTest.java:28)
	at testclass.RunTest.url(RunTest.java:28)
	at testclass.RunTest.url(RunTest.java:28)
	at testclass.RunTest.url(RunTest.java:28)
	at testclass.RunTest.url(RunTest.java:28)
	at testclass.RunTest.url(RunTest.java:28)
	at testclass.RunTest.url(RunTest.java:28)
	at testclass.RunTest.url(RunTest.java:28)
	at testclass.RunTest.url(RunTest.java:28)
	at testclass.RunTest.url(RunTest.java:28)
	at testclass.RunTest.url(RunTest.java:28)
	at testclass.RunTest.url(RunTest.java:28)
	at testclass.RunTest.url(RunTest.java:28)
	at testclass.RunTest.url(RunTest.java:28)
	at testclass.RunTest.url(RunTest.java:28)
	at testclass.RunTest.url(RunTest.java:28)
	at testclass.RunTest.url(RunTest.java:28)
	at testclass.RunTest.url(RunTest.java:28)
	at testclass.RunTest.url(RunTest.java:28)
	at testclass.RunTest.url(RunTest.java:28)
	at testclass.RunTest.url(RunTest.java:28)
	at testclass.RunTest.url(RunTest.java:28)
	at testclass.RunTest.url(RunTest.java:28)
	at testclass.RunTest.url(RunTest.java:28)
	at testclass.RunTest.url(RunTest.java:28)
	at testclass.RunTest.url(RunTest.java:28)
	at testclass.RunTest.url(RunTest.java:28)
	at testclass.RunTest.url(RunTest.java:28)
	at testclass.RunTest.url(RunTest.java:28)
	at testclass.RunTest.url(RunTest.java:28)
	at testclass.RunTest.url(RunTest.java:28)
	at testclass.RunTest.url(RunTest.java:28)
	at testclass.RunTest.url(RunTest.java:28)
	at testclass.RunTest.url(RunTest.java:28)
	at testclass.RunTest.url(RunTest.java:28)
	at testclass.RunTest.url(RunTest.java:28)
	at testclass.RunTest.url(RunTest.java:28)
	at testclass.RunTest.url(RunTest.java:28)
	at testclass.RunTest.url(RunTest.java:28)
	at testclass.RunTest.url(RunTest.java:28)
	at testclass.RunTest.url(RunTest.java:28)
	at testclass.RunTest.url(RunTest.java:28)
	at testclass.RunTest.url(RunTest.java:28)
	at testclass.RunTest.url(RunTest.java:28)
	at testclass.RunTest.url(RunTest.java:28)
	at testclass.RunTest.url(RunTest.java:28)
	at testclass.RunTest.url(RunTest.java:28)
	at testclass.RunTest.url(RunTest.java:28)
	at testclass.RunTest.url(RunTest.java:28)
	at testclass.RunTest.url(RunTest.java:28)
	at testclass.RunTest.url(RunTest.java:28)
	at testclass.RunTest.url(RunTest.java:28)
	at testclass.RunTest.url(RunTest.java:28)
	at testclass.RunTest.url(RunTest.java:28)
	at testclass.RunTest.url(RunTest.java:28)
	at testclass.RunTest.url(RunTest.java:28)
	at testclass.RunTest.url(RunTest.java:28)
	at testclass.RunTest.url(RunTest.java:28)
	at testclass.RunTest.url(RunTest.java:28)
	at testclass.RunTest.url(RunTest.java:28)
	at testclass.RunTest.url(RunTest.java:28)
	at testclass.RunTest.url(RunTest.java:28)
	at testclass.RunTest.url(RunTest.java:28)
	at testclass.RunTest.url(RunTest.java:28)
	at testclass.RunTest.url(RunTest.java:28)
	at testclass.RunTest.url(RunTest.java:28)
	at testclass.RunTest.url(RunTest.java:28)
	at testclass.RunTest.url(RunTest.java:28)
	at testclass.RunTest.url(RunTest.java:28)
	at testclass.RunTest.url(RunTest.java:28)
	at testclass.RunTest.url(RunTest.java:28)
	at testclass.RunTest.url(RunTest.java:28)
	at testclass.RunTest.url(RunTest.java:28)
	at testclass.RunTest.url(RunTest.java:28)
	at testclass.RunTest.url(RunTest.java:28)
	at testclass.RunTest.url(RunTest.java:28)
	at testclass.RunTest.url(RunTest.java:28)
	at testclass.RunTest.url(RunTest.java:28)
	at testclass.RunTest.url(RunTest.java:28)
	at testclass.RunTest.url(RunTest.java:28)
	at testclass.RunTest.url(RunTest.java:28)
	at testclass.RunTest.url(RunTest.java:28)
	at testclass.RunTest.url(RunTest.java:28)
	at testclass.RunTest.url(RunTest.java:28)
	at testclass.RunTest.url(RunTest.java:28)
	at testclass.RunTest.url(RunTest.java:28)
	at testclass.RunTest.url(RunTest.java:28)
	at testclass.RunTest.url(RunTest.java:28)
	at testclass.RunTest.url(RunTest.java:28)
	at testclass.RunTest.url(RunTest.java:28)
	at testclass.RunTest.url(RunTest.java:28)
	at testclass.RunTest.url(RunTest.java:28)
	at testclass.RunTest.url(RunTest.java:28)
	at testclass.RunTest.url(RunTest.java:28)
	at testclass.RunTest.url(RunTest.java:28)
	at testclass.RunTest.url(RunTest.java:28)
	at testclass.RunTest.url(RunTest.java:28)
	at testclass.RunTest.url(RunTest.java:28)
	at testclass.RunTest.url(RunTest.java:28)
	at testclass.RunTest.url(RunTest.java:28)
	at testclass.RunTest.url(RunTest.java:28)
	at testclass.RunTest.url(RunTest.java:28)
	at testclass.RunTest.url(RunTest.java:28)
	at testclass.RunTest.url(RunTest.java:28)
	at testclass.RunTest.url(RunTest.java:28)
	at testclass.RunTest.url(RunTest.java:28)
	at testclass.RunTest.url(RunTest.java:28)
	at testclass.RunTest.url(RunTest.java:28)
	at testclass.RunTest.url(RunTest.java:28)
	at testclass.RunTest.url(RunTest.java:28)
	at testclass.RunTest.url(RunTest.java:28)
	at testclass.RunTest.url(RunTest.java:28)
	at testclass.RunTest.url(RunTest.java:28)
	at testclass.RunTest.url(RunTest.java:28)
	at testclass.RunTest.url(RunTest.java:28)
	at testclass.RunTest.url(RunTest.java:28)
	at testclass.RunTest.url(RunTest.java:28)
	at testclass.RunTest.url(RunTest.java:28)
	at testclass.RunTest.url(RunTest.java:28)
	at testclass.RunTest.url(RunTest.java:28)
	at testclass.RunTest.url(RunTest.java:28)
	at testclass.RunTest.url(RunTest.java:28)
	at testclass.RunTest.url(RunTest.java:28)
	at testclass.RunTest.url(RunTest.java:28)
	at testclass.RunTest.url(RunTest.java:28)
	at testclass.RunTest.url(RunTest.java:28)
	at testclass.RunTest.url(RunTest.java:28)
	at testclass.RunTest.url(RunTest.java:28)
	at testclass.RunTest.url(RunTest.java:28)
	at testclass.RunTest.url(RunTest.java:28)
	at testclass.RunTest.url(RunTest.java:28)
	at testclass.RunTest.url(RunTest.java:28)
	at testclass.RunTest.url(RunTest.java:28)
	at testclass.RunTest.url(RunTest.java:28)
	at testclass.RunTest.url(RunTest.java:28)
	at testclass.RunTest.url(RunTest.java:28)
	at testclass.RunTest.url(RunTest.java:28)
	at testclass.RunTest.url(RunTest.java:28)
	at testclass.RunTest.url(RunTest.java:28)
	at testclass.RunTest.url(RunTest.java:28)
	at testclass.RunTest.url(RunTest.java:28)
	at testclass.RunTest.url(RunTest.java:28)
	at testclass.RunTest.url(RunTest.java:28)
	at testclass.RunTest.url(RunTest.java:28)
	at testclass.RunTest.url(RunTest.java:28)
	at testclass.RunTest.url(RunTest.java:28)
	at testclass.RunTest.url(RunTest.java:28)
	at testclass.RunTest.url(RunTest.java:28)
	at testclass.RunTest.url(RunTest.java:28)
	at testclass.RunTest.url(RunTest.java:28)
	at testclass.RunTest.url(RunTest.java:28)
	at testclass.RunTest.url(RunTest.java:28)
	at testclass.RunTest.url(RunTest.java:28)
	at testclass.RunTest.url(RunTest.java:28)
	at testclass.RunTest.url(RunTest.java:28)
	at testclass.RunTest.url(RunTest.java:28)
	at testclass.RunTest.url(RunTest.java:28)
	at testclass.RunTest.url(RunTest.java:28)
	at testclass.RunTest.url(RunTest.java:28)
	at testclass.RunTest.url(RunTest.java:28)
	at testclass.RunTest.url(RunTest.java:28)
	at testclass.RunTest.url(RunTest.java:28)
	at testclass.RunTest.url(RunTest.java:28)
	at testclass.RunTest.url(RunTest.java:28)
	at testclass.RunTest.url(RunTest.java:28)
	at testclass.RunTest.url(RunTest.java:28)
	at testclass.RunTest.url(RunTest.java:28)
	at testclass.RunTest.url(RunTest.java:28)
	at testclass.RunTest.url(RunTest.java:28)
	at testclass.RunTest.url(RunTest.java:28)
	at testclass.RunTest.url(RunTest.java:28)
	at testclass.RunTest.url(RunTest.java:28)
	at testclass.RunTest.url(RunTest.java:28)
	at testclass.RunTest.url(RunTest.java:28)
	at testclass.RunTest.url(RunTest.java:28)
	at testclass.RunTest.url(RunTest.java:28)
	at testclass.RunTest.url(RunTest.java:28)
	at testclass.RunTest.url(RunTest.java:28)
	at testclass.RunTest.url(RunTest.java:28)
	at testclass.RunTest.url(RunTest.java:28)
	at testclass.RunTest.url(RunTest.java:28)
	at testclass.RunTest.url(RunTest.java:28)
	at testclass.RunTest.url(RunTest.java:28)
	at testclass.RunTest.url(RunTest.java:28)
	at testclass.RunTest.url(RunTest.java:28)
	at testclass.RunTest.url(RunTest.java:28)
	at testclass.RunTest.url(RunTest.java:28)
	at testclass.RunTest.url(RunTest.java:28)
	at testclass.RunTest.url(RunTest.java:28)
	at testclass.RunTest.url(RunTest.java:28)
	at testclass.RunTest.url(RunTest.java:28)
	at testclass.RunTest.url(RunTest.java:28)
	at testclass.RunTest.url(RunTest.java:28)
	at testclass.RunTest.url(RunTest.java:28)
	at testclass.RunTest.url(RunTest.java:28)
	at testclass.RunTest.url(RunTest.java:28)
	at testclass.RunTest.url(RunTest.java:28)
	at testclass.RunTest.url(RunTest.java:28)
	at testclass.RunTest.url(RunTest.java:28)
	at testclass.RunTest.url(RunTest.java:28)
	at testclass.RunTest.url(RunTest.java:28)
	at testclass.RunTest.url(RunTest.java:28)
	at testclass.RunTest.url(RunTest.java:28)
	at testclass.RunTest.url(RunTest.java:28)
	at testclass.RunTest.url(RunTest.java:28)
	at testclass.RunTest.url(RunTest.java:28)
	at testclass.RunTest.url(RunTest.java:28)
	at testclass.RunTest.url(RunTest.java:28)
	at testclass.RunTest.url(RunTest.java:28)
	at testclass.RunTest.url(RunTest.java:28)
	at testclass.RunTest.url(RunTest.java:28)
	at testclass.RunTest.url(RunTest.java:28)
	at testclass.RunTest.url(RunTest.java:28)
	at testclass.RunTest.url(RunTest.java:28)
	at testclass.RunTest.url(RunTest.java:28)
	at testclass.RunTest.url(RunTest.java:28)
	at testclass.RunTest.url(RunTest.java:28)
	at testclass.RunTest.url(RunTest.java:28)
	at testclass.RunTest.url(RunTest.java:28)
	at testclass.RunTest.url(RunTest.java:28)
	at testclass.RunTest.url(RunTest.java:28)
	at testclass.RunTest.url(RunTest.java:28)
	at testclass.RunTest.url(RunTest.java:28)
	at testclass.RunTest.url(RunTest.java:28)
	at testclass.RunTest.url(RunTest.java:28)
	at testclass.RunTest.url(RunTest.java:28)
	at testclass.RunTest.url(RunTest.java:28)
	at testclass.RunTest.url(RunTest.java:28)
	at testclass.RunTest.url(RunTest.java:28)
	at testclass.RunTest.url(RunTest.java:28)
	at testclass.RunTest.url(RunTest.java:28)
	at testclass.RunTest.url(RunTest.java:28)
	at testclass.RunTest.url(RunTest.java:28)
	at testclass.RunTest.url(RunTest.java:28)
	at testclass.RunTest.url(RunTest.java:28)
	at testclass.RunTest.url(RunTest.java:28)
	at testclass.RunTest.url(RunTest.java:28)
	at testclass.RunTest.url(RunTest.java:28)
	at testclass.RunTest.url(RunTest.java:28)
	at testclass.RunTest.url(RunTest.java:28)
	at testclass.RunTest.url(RunTest.java:28)
	at testclass.RunTest.url(RunTest.java:28)
	at testclass.RunTest.url(RunTest.java:28)
	at testclass.RunTest.url(RunTest.java:28)
	at testclass.RunTest.url(RunTest.java:28)
	at testclass.RunTest.url(RunTest.java:28)
	at testclass.RunTest.url(RunTest.java:28)
	at testclass.RunTest.url(RunTest.java:28)
	at testclass.RunTest.url(RunTest.java:28)
	at testclass.RunTest.url(RunTest.java:28)
	at testclass.RunTest.url(RunTest.java:28)
	at testclass.RunTest.url(RunTest.java:28)
	at testclass.RunTest.url(RunTest.java:28)
	at testclass.RunTest.url(RunTest.java:28)
	at testclass.RunTest.url(RunTest.java:28)
	at testclass.RunTest.url(RunTest.java:28)
	at testclass.RunTest.url(RunTest.java:28)
]]>
            </full-stacktrace>
          </exception> <!-- java.lang.StackOverflowError -->
          <reporter-output>
          </reporter-output>
        </test-method> <!-- sample -->
      </class> <!-- testclass.RunTest -->
    </test> <!-- Test -->
  </suite> <!-- Suite -->
</testng-results>
